2025-02-04 17:46:58,628 - __main__ - INFO - Using existing rates from today
2025-02-04 17:46:58,628 - __main__ - INFO - Current rates:
2025-02-04 17:46:58,628 - __main__ - INFO - AUD_RUB: 60.9923
2025-02-04 17:46:58,628 - __main__ - INFO - AZN_RUB: 57.9609
2025-02-04 17:46:58,628 - __main__ - INFO - GBP_RUB: 122.2999
2025-02-04 17:46:58,628 - __main__ - INFO - AMD_RUB: 0.2484
2025-02-04 17:46:58,628 - __main__ - INFO - BYN_RUB: 28.8371
2025-02-04 17:46:58,629 - __main__ - INFO - BGN_RUB: 51.7598
2025-02-04 17:46:58,629 - __main__ - INFO - BRL_RUB: 16.7905
2025-02-04 17:46:58,629 - __main__ - INFO - HUF_RUB: 0.2497
2025-02-04 17:46:58,629 - __main__ - INFO - VND_RUB: 0.0040
2025-02-04 17:46:58,629 - __main__ - INFO - HKD_RUB: 12.6748
2025-02-04 17:46:58,629 - __main__ - INFO - GEL_RUB: 34.6913
2025-02-04 17:46:58,629 - __main__ - INFO - DKK_RUB: 13.5669
2025-02-04 17:46:58,629 - __main__ - INFO - AED_RUB: 26.8301
2025-02-04 17:46:58,629 - __main__ - INFO - USD_RUB: 98.5336
2025-02-04 17:46:58,629 - __main__ - INFO - EUR_RUB: 102.6852
2025-02-04 17:46:58,629 - __main__ - INFO - EGP_RUB: 1.9586
2025-02-04 17:46:58,629 - __main__ - INFO - INR_RUB: 1.1310
2025-02-04 17:46:58,629 - __main__ - INFO - IDR_RUB: 0.0060
2025-02-04 17:46:58,629 - __main__ - INFO - KZT_RUB: 0.1889
2025-02-04 17:46:58,629 - __main__ - INFO - CAD_RUB: 67.4749
2025-02-04 17:46:58,629 - __main__ - INFO - QAR_RUB: 27.0697
2025-02-04 17:46:58,629 - __main__ - INFO - KGS_RUB: 1.1267
2025-02-04 17:46:58,629 - __main__ - INFO - CNY_RUB: 13.2985
2025-02-04 17:46:58,629 - __main__ - INFO - MDL_RUB: 5.2071
2025-02-04 17:46:58,629 - __main__ - INFO - NZD_RUB: 55.3660
2025-02-04 17:46:58,629 - __main__ - INFO - NOK_RUB: 8.6422
2025-02-04 17:46:58,629 - __main__ - INFO - PLN_RUB: 24.1126
2025-02-04 17:46:58,629 - __main__ - INFO - RON_RUB: 20.4554
2025-02-04 17:46:58,629 - __main__ - INFO - XDR_RUB: 127.8631
2025-02-04 17:46:58,629 - __main__ - INFO - SGD_RUB: 72.4885
2025-02-04 17:46:58,629 - __main__ - INFO - TJS_RUB: 9.0057
2025-02-04 17:46:58,629 - __main__ - INFO - THB_RUB: 2.9066
2025-02-04 17:46:58,629 - __main__ - INFO - TRY_RUB: 2.7420
2025-02-04 17:46:58,629 - __main__ - INFO - TMT_RUB: 28.1525
2025-02-04 17:46:58,629 - __main__ - INFO - UZS_RUB: 0.0076
2025-02-04 17:46:58,629 - __main__ - INFO - UAH_RUB: 2.3578
2025-02-04 17:46:58,629 - __main__ - INFO - CZK_RUB: 4.0124
2025-02-04 17:46:58,629 - __main__ - INFO - SEK_RUB: 8.8175
2025-02-04 17:46:58,629 - __main__ - INFO - CHF_RUB: 108.3501
2025-02-04 17:46:58,629 - __main__ - INFO - RSD_RUB: 0.8664
2025-02-04 17:46:58,629 - __main__ - INFO - ZAR_RUB: 5.2567
2025-02-04 17:46:58,629 - __main__ - INFO - KRW_RUB: 0.0671
2025-02-04 17:46:58,629 - __main__ - INFO - JPY_RUB: 0.6346
2025-02-04 17:47:00,461 - __main__ - INFO - Exchange rate updater stopped
